C:\Users\yogesh.kumar3\source\repos\Angular2\Angular2\src\app\app.component.js
C:\Users\yogesh.kumar3\source\repos\Angular2\Angular2\src\app\app.component.js.map
C:\Users\yogesh.kumar3\source\repos\Angular2\Angular2\src\app\employee\employee.js
C:\Users\yogesh.kumar3\source\repos\Angular2\Angular2\src\app\employee\employee.js.map
C:\Users\yogesh.kumar3\source\repos\Angular2\Angular2\src\app\employee\employee.service.js
C:\Users\yogesh.kumar3\source\repos\Angular2\Angular2\src\app\employee\employee.service.js.map
C:\Users\yogesh.kumar3\source\repos\Angular2\Angular2\src\app\employee\employee.component.js
C:\Users\yogesh.kumar3\source\repos\Angular2\Angular2\src\app\employee\employee.component.js.map
C:\Users\yogesh.kumar3\source\repos\Angular2\Angular2\src\app\employee\listEmployee.component.js
C:\Users\yogesh.kumar3\source\repos\Angular2\Angular2\src\app\employee\listEmployee.component.js.map
C:\Users\yogesh.kumar3\source\repos\Angular2\Angular2\src\app\employee\employeeTitle.pipe.js
C:\Users\yogesh.kumar3\source\repos\Angular2\Angular2\src\app\employee\employeeTitle.pipe.js.map
C:\Users\yogesh.kumar3\source\repos\Angular2\Angular2\src\app\employee\employeecontainer.component.js
C:\Users\yogesh.kumar3\source\repos\Angular2\Angular2\src\app\employee\employeecontainer.component.js.map
C:\Users\yogesh.kumar3\source\repos\Angular2\Angular2\src\app\employee\employeecount.component.js
C:\Users\yogesh.kumar3\source\repos\Angular2\Angular2\src\app\employee\employeecount.component.js.map
C:\Users\yogesh.kumar3\source\repos\Angular2\Angular2\src\app\Others\simple.component.js
C:\Users\yogesh.kumar3\source\repos\Angular2\Angular2\src\app\Others\simple.component.js.map
C:\Users\yogesh.kumar3\source\repos\Angular2\Angular2\src\app\Home\home.component.js
C:\Users\yogesh.kumar3\source\repos\Angular2\Angular2\src\app\Home\home.component.js.map
C:\Users\yogesh.kumar3\source\repos\Angular2\Angular2\src\app\Others\pageNotFound.component.js
C:\Users\yogesh.kumar3\source\repos\Angular2\Angular2\src\app\Others\pageNotFound.component.js.map
C:\Users\yogesh.kumar3\source\repos\Angular2\Angular2\src\app\app.module.js
C:\Users\yogesh.kumar3\source\repos\Angular2\Angular2\src\app\app.module.js.map
C:\Users\yogesh.kumar3\source\repos\Angular2\Angular2\src\main.js
C:\Users\yogesh.kumar3\source\repos\Angular2\Angular2\src\main.js.map
C:\Users\yogesh.kumar3\source\repos\Angular2\Angular2\src\app\app.component.spec.js
C:\Users\yogesh.kumar3\source\repos\Angular2\Angular2\src\app\app.component.spec.js.map
